This is pdfTeX, Version 3.141592653-2.6-1.40.25 (MiKTeX 23.4) (preloaded format=pdflatex 2023.5.2)  8 MAY 2023 19:07
entering extended mode
 restricted \write18 enabled.
 file:line:error style messages enabled.
 %&-line parsing enabled.
**./main.tex
(main.tex
LaTeX2e <2022-11-01> patch level 1
L3 programming layer <2023-04-20>
(C:\Users\frigi\AppData\Local\Programs\MiKTeX\tex/latex/base\article.cls
Document Class: article 2022/07/02 v1.4n Standard LaTeX document class
(C:\Users\frigi\AppData\Local\Programs\MiKTeX\tex/latex/base\size12.clo
File: size12.clo 2022/07/02 v1.4n Standard LaTeX file (size option)
)
\c@part=\count185
\c@section=\count186
\c@subsection=\count187
\c@subsubsection=\count188
\c@paragraph=\count189
\c@subparagraph=\count190
\c@figure=\count191
\c@table=\count192
\abovecaptionskip=\skip48
\belowcaptionskip=\skip49
\bibindent=\dimen140
)
(C:\Users\frigi\AppData\Local\Programs\MiKTeX\tex/latex/base\inputenc.sty
Package: inputenc 2021/02/14 v1.3d Input encoding file
\inpenc@prehook=\toks16
\inpenc@posthook=\toks17
)
(C:\Users\frigi\AppData\Local\Programs\MiKTeX\tex/generic/babel\babel.sty
Package: babel 2023/04/18 3.88 The Babel package
\babel@savecnt=\count193
\U@D=\dimen141
\l@unhyphenated=\language79

(C:\Users\frigi\AppData\Local\Programs\MiKTeX\tex/generic/babel\txtbabel.def)
\bbl@readstream=\read2
\bbl@dirlevel=\count194

*************************************
* Local config file bblopts.cfg used
*
(C:\Users\frigi\AppData\Local\Programs\MiKTeX\tex/latex/arabi\bblopts.cfg
File: bblopts.cfg 2005/09/08 v0.1 add Arabic and Farsi to "declared" options of
 babel
)
(C:\Users\frigi\AppData\Local\Programs\MiKTeX\tex/latex/babel-english\english.l
df
Language: english 2017/06/06 v3.3r English support from the babel system
Package babel Info: Hyphen rules for 'canadian' set to \l@english
(babel)             (\language0). Reported on input line 102.
Package babel Info: Hyphen rules for 'australian' set to \l@ukenglish
(babel)             (\language73). Reported on input line 105.
Package babel Info: Hyphen rules for 'newzealand' set to \l@ukenglish
(babel)             (\language73). Reported on input line 108.
))
(C:\Users\frigi\AppData\Local\Programs\MiKTeX\tex/generic/babel/locale/en\babel
-english.tex
Package babel Info: Importing font and identification data for english
(babel)             from babel-en.ini. Reported on input line 11.
)
(C:\Users\frigi\AppData\Local\Programs\MiKTeX\tex/latex/base\fontenc.sty
Package: fontenc 2021/04/29 v2.0v Standard LaTeX package
)
(C:\Users\frigi\AppData\Local\Programs\MiKTeX\tex/latex/amsmath\amsmath.sty
Package: amsmath 2022/04/08 v2.17n AMS math features
\@mathmargin=\skip50

For additional information on amsmath, use the `?' option.
(C:\Users\frigi\AppData\Local\Programs\MiKTeX\tex/latex/amsmath\amstext.sty
Package: amstext 2021/08/26 v2.01 AMS text

(C:\Users\frigi\AppData\Local\Programs\MiKTeX\tex/latex/amsmath\amsgen.sty
File: amsgen.sty 1999/11/30 v2.0 generic functions
\@emptytoks=\toks18
\ex@=\dimen142
))
(C:\Users\frigi\AppData\Local\Programs\MiKTeX\tex/latex/amsmath\amsbsy.sty
Package: amsbsy 1999/11/29 v1.2d Bold Symbols
\pmbraise@=\dimen143
)
(C:\Users\frigi\AppData\Local\Programs\MiKTeX\tex/latex/amsmath\amsopn.sty
Package: amsopn 2022/04/08 v2.04 operator names
)
\inf@bad=\count195
LaTeX Info: Redefining \frac on input line 234.
\uproot@=\count196
\leftroot@=\count197
LaTeX Info: Redefining \overline on input line 399.
LaTeX Info: Redefining \colon on input line 410.
\classnum@=\count198
\DOTSCASE@=\count199
LaTeX Info: Redefining \ldots on input line 496.
LaTeX Info: Redefining \dots on input line 499.
LaTeX Info: Redefining \cdots on input line 620.
\Mathstrutbox@=\box51
\strutbox@=\box52
LaTeX Info: Redefining \big on input line 722.
LaTeX Info: Redefining \Big on input line 723.
LaTeX Info: Redefining \bigg on input line 724.
LaTeX Info: Redefining \Bigg on input line 725.
\big@size=\dimen144
LaTeX Font Info:    Redeclaring font encoding OML on input line 743.
LaTeX Font Info:    Redeclaring font encoding OMS on input line 744.
\macc@depth=\count266
LaTeX Info: Redefining \bmod on input line 905.
LaTeX Info: Redefining \pmod on input line 910.
LaTeX Info: Redefining \smash on input line 940.
LaTeX Info: Redefining \relbar on input line 970.
LaTeX Info: Redefining \Relbar on input line 971.
\c@MaxMatrixCols=\count267
\dotsspace@=\muskip16
\c@parentequation=\count268
\dspbrk@lvl=\count269
\tag@help=\toks19
\row@=\count270
\column@=\count271
\maxfields@=\count272
\andhelp@=\toks20
\eqnshift@=\dimen145
\alignsep@=\dimen146
\tagshift@=\dimen147
\tagwidth@=\dimen148
\totwidth@=\dimen149
\lineht@=\dimen150
\@envbody=\toks21
\multlinegap=\skip51
\multlinetaggap=\skip52
\mathdisplay@stack=\toks22
LaTeX Info: Redefining \[ on input line 2953.
LaTeX Info: Redefining \] on input line 2954.
)
(C:\Users\frigi\AppData\Local\Programs\MiKTeX\tex/latex/amsfonts\amsfonts.sty
Package: amsfonts 2013/01/14 v3.01 Basic AMSFonts support
\symAMSa=\mathgroup4
\symAMSb=\mathgroup5
LaTeX Font Info:    Redeclaring math symbol \hbar on input line 98.
LaTeX Font Info:    Overwriting math alphabet `\mathfrak' in version `bold'
(Font)                  U/euf/m/n --> U/euf/b/n on input line 106.
)
(C:\Users\frigi\AppData\Local\Programs\MiKTeX\tex/latex/doublestroke\dsfont.sty
Package: dsfont 1995/08/01 v0.1 Double stroke roman fonts
) (C:\Users\frigi\AppData\Local\Programs\MiKTeX\tex/latex/setspace\setspace.sty
Package: setspace 2022/12/04 v6.7b set line spacing
) (C:\Users\frigi\AppData\Local\Programs\MiKTeX\tex/latex/xcolor\xcolor.sty
Package: xcolor 2022/06/12 v2.14 LaTeX color extensions (UK)

(C:\Users\frigi\AppData\Local\Programs\MiKTeX\tex/latex/graphics-cfg\color.cfg
File: color.cfg 2016/01/02 v1.6 sample color configuration
)
Package xcolor Info: Driver file: pdftex.def on input line 227.

(C:\Users\frigi\AppData\Local\Programs\MiKTeX\tex/latex/graphics-def\pdftex.def
File: pdftex.def 2022/09/22 v1.2b Graphics/color driver for pdftex
)
(C:\Users\frigi\AppData\Local\Programs\MiKTeX\tex/latex/graphics\mathcolor.ltx)
Package xcolor Info: Model `cmy' substituted by `cmy0' on input line 1353.
Package xcolor Info: Model `hsb' substituted by `rgb' on input line 1357.
Package xcolor Info: Model `RGB' extended on input line 1369.
Package xcolor Info: Model `HTML' substituted by `rgb' on input line 1371.
Package xcolor Info: Model `Hsb' substituted by `hsb' on input line 1372.
Package xcolor Info: Model `tHsb' substituted by `hsb' on input line 1373.
Package xcolor Info: Model `HSB' substituted by `hsb' on input line 1374.
Package xcolor Info: Model `Gray' substituted by `gray' on input line 1375.
Package xcolor Info: Model `wave' substituted by `hsb' on input line 1376.
(C:\Users\frigi\AppData\Local\Programs\MiKTeX\tex/latex/graphics\dvipsnam.def
File: dvipsnam.def 2016/06/17 v3.0m Driver-dependent file (DPC,SPQR)
)) (C:\Users\frigi\AppData\Local\Programs\MiKTeX\tex/latex/graphics\graphicx.st
y
Package: graphicx 2021/09/16 v1.2d Enhanced LaTeX Graphics (DPC,SPQR)

(C:\Users\frigi\AppData\Local\Programs\MiKTeX\tex/latex/graphics\keyval.sty
Package: keyval 2022/05/29 v1.15 key=value parser (DPC)
\KV@toks@=\toks23
)
(C:\Users\frigi\AppData\Local\Programs\MiKTeX\tex/latex/graphics\graphics.sty
Package: graphics 2022/03/10 v1.4e Standard LaTeX Graphics (DPC,SPQR)

(C:\Users\frigi\AppData\Local\Programs\MiKTeX\tex/latex/graphics\trig.sty
Package: trig 2021/08/11 v1.11 sin cos tan (DPC)
)
(C:\Users\frigi\AppData\Local\Programs\MiKTeX\tex/latex/graphics-cfg\graphics.c
fg
File: graphics.cfg 2016/06/04 v1.11 sample graphics configuration
)
Package graphics Info: Driver file: pdftex.def on input line 107.
)
\Gin@req@height=\dimen151
\Gin@req@width=\dimen152
)
(C:\Users\frigi\AppData\Local\Programs\MiKTeX\tex/latex/mathtools\mathtools.sty
Package: mathtools 2022/06/29 v1.29 mathematical typesetting tools
(C:\Users\frigi\AppData\Local\Programs\MiKTeX\tex/latex/tools\calc.sty
Package: calc 2017/05/25 v4.3 Infix arithmetic (KKT,FJ)
\calc@Acount=\count273
\calc@Bcount=\count274
\calc@Adimen=\dimen153
\calc@Bdimen=\dimen154
\calc@Askip=\skip53
\calc@Bskip=\skip54
LaTeX Info: Redefining \setlength on input line 80.
LaTeX Info: Redefining \addtolength on input line 81.
\calc@Ccount=\count275
\calc@Cskip=\skip55
)
(C:\Users\frigi\AppData\Local\Programs\MiKTeX\tex/latex/mathtools\mhsetup.sty
Package: mhsetup 2021/03/18 v1.4 programming setup (MH)
)
\g_MT_multlinerow_int=\count276
\l_MT_multwidth_dim=\dimen155
\origjot=\skip56
\l_MT_shortvdotswithinadjustabove_dim=\dimen156
\l_MT_shortvdotswithinadjustbelow_dim=\dimen157
\l_MT_above_intertext_sep=\dimen158
\l_MT_below_intertext_sep=\dimen159
\l_MT_above_shortintertext_sep=\dimen160
\l_MT_below_shortintertext_sep=\dimen161
\xmathstrut@box=\box53
\xmathstrut@dim=\dimen162
) (C:\Users\frigi\AppData\Local\Programs\MiKTeX\tex/latex/float\float.sty
Package: float 2001/11/08 v1.3d Float enhancements (AL)
\c@float@type=\count277
\float@exts=\toks24
\float@box=\box54
\@float@everytoks=\toks25
\@floatcapt=\box55
)
(C:\Users\frigi\AppData\Local\Programs\MiKTeX\tex/latex/numprint\numprint.sty
Package: numprint 2012/08/20 v1.39 Print numbers (HH)

(C:\Users\frigi\AppData\Local\Programs\MiKTeX\tex/latex/tools\array.sty
Package: array 2022/09/04 v2.5g Tabular extension package (FMi)
\col@sep=\dimen163
\ar@mcellbox=\box56
\extrarowheight=\dimen164
\NC@list=\toks26
\extratabsurround=\skip57
\backup@length=\skip58
\ar@cellbox=\box57
)
\c@nprt@mantissa@digitsbefore=\count278
\c@nprt@mantissa@digitsafter=\count279
\c@nprt@exponent@digitsbefore=\count280
\c@nprt@exponent@digitsafter=\count281
\nprt@digitwidth=\skip59
\nprt@sepwidth=\skip60
\nprt@decimalwidth=\skip61
\nprt@blockwidth=\skip62
\nprt@digittoks=\toks27
\nprt@pretoks=\toks28
\nprt@posttoks=\toks29
\nprt@thisdigit=\count282
\nprt@curpos=\count283
\nprt@rndpos=\count284
\c@nprt@digitsfirstblock=\count285
\c@nprt@blockcnt=\count286
\c@nprt@cntprint=\count287

No configuration file `numprint.cfg' found.)
(C:\Users\frigi\AppData\Local\Programs\MiKTeX\tex/latex/url\url.sty
\Urlmuskip=\muskip17
Package: url 2013/09/16  ver 3.4  Verb mode for urls, etc.
)
(C:\Users\frigi\AppData\Local\Programs\MiKTeX\tex/latex/dirtree\dirtree.sty
Package: dirtree 2012/12/11 v0.32 package wrapper for dirtree

(C:\Users\frigi\AppData\Local\Programs\MiKTeX\tex/generic/dirtree\dirtree.tex
`dirtree' v0.32, 2012/12/11 (jcc)
\DT@offset=\dimen165
\DT@width=\dimen166
\DT@sep=\dimen167
\DT@all=\dimen168
\DT@rulewidth=\dimen169
\DT@dotwidth=\dimen170
\DTbaselineskip=\dimen171
\DT@counti=\count288
\DT@countii=\count289
\DT@countiii=\count290
\DT@countiv=\count291
\DT@indent=\dimen172
\DT@parskip=\dimen173
\DT@baselineskip=\dimen174
)
File: dirtree.tex 2012/12/11 v0.32 `dirtree' (jcc)
)
(C:\Users\frigi\AppData\Local\Programs\MiKTeX\tex/latex/algorithms\algorithm.st
y
Package: algorithm 2009/08/24 v0.1 Document Style `algorithm' - floating enviro
nment
 (C:\Users\frigi\AppData\Local\Programs\MiKTeX\tex/latex/base\ifthen.sty
Package: ifthen 2022/04/13 v1.1d Standard LaTeX ifthen package (DPC)
)
\@float@every@algorithm=\toks30
\c@algorithm=\count292
)
(C:\Users\frigi\AppData\Local\Programs\MiKTeX\tex/latex/algorithms\algorithmic.
sty
Package: algorithmic 2009/08/24 v0.1 Document Style `algorithmic'
\c@ALC@unique=\count293
\c@ALC@line=\count294
\c@ALC@rem=\count295
\c@ALC@depth=\count296
\ALC@tlm=\skip63
\algorithmicindent=\skip64
)
(C:\Users\frigi\AppData\Local\Programs\MiKTeX\tex/latex/fncychap\fncychap.sty
Package: fncychap 2007/07/30 v1.34 LaTeX package (Revised chapters)
\RW=\skip65
\mylen=\skip66
\myhi=\skip67
\px=\skip68
\py=\skip69
\pyy=\skip70
\pxx=\skip71
\backskip=\skip72
)
(C:\Users\frigi\AppData\Local\Programs\MiKTeX\tex/latex/enumitem\enumitem.sty
Package: enumitem 2019/06/20 v3.9 Customized lists
\labelindent=\skip73
\enit@outerparindent=\dimen175
\enit@toks=\toks31
\enit@inbox=\box58
\enit@count@id=\count297
\enitdp@description=\count298
)
(C:\Users\frigi\AppData\Local\Programs\MiKTeX\tex/latex/tools\multicol.sty
Package: multicol 2021/11/30 v1.9d multicolumn formatting (FMi)
\c@tracingmulticols=\count299
\mult@box=\box59
\multicol@leftmargin=\dimen176
\c@unbalance=\count300
\c@collectmore=\count301
\doublecol@number=\count302
\multicoltolerance=\count303
\multicolpretolerance=\count304
\full@width=\dimen177
\page@free=\dimen178
\premulticols=\dimen179
\postmulticols=\dimen180
\multicolsep=\skip74
\multicolbaselineskip=\skip75
\partial@page=\box60
\last@line=\box61
\maxbalancingoverflow=\dimen181
\mult@rightbox=\box62
\mult@grightbox=\box63
\mult@firstbox=\box64
\mult@gfirstbox=\box65
\@tempa=\box66
\@tempa=\box67
\@tempa=\box68
\@tempa=\box69
\@tempa=\box70
\@tempa=\box71
\@tempa=\box72
\@tempa=\box73
\@tempa=\box74
\@tempa=\box75
\@tempa=\box76
\@tempa=\box77
\@tempa=\box78
\@tempa=\box79
\@tempa=\box80
\@tempa=\box81
\@tempa=\box82
\@tempa=\box83
\@tempa=\box84
\@tempa=\box85
\@tempa=\box86
\@tempa=\box87
\@tempa=\box88
\@tempa=\box89
\@tempa=\box90
\@tempa=\box91
\@tempa=\box92
\@tempa=\box93
\@tempa=\box94
\@tempa=\box95
\@tempa=\box96
\@tempa=\box97
\@tempa=\box98
\@tempa=\box99
\@tempa=\box100
\@tempa=\box101
\c@minrows=\count305
\c@columnbadness=\count306
\c@finalcolumnbadness=\count307
\last@try=\dimen182
\multicolovershoot=\dimen183
\multicolundershoot=\dimen184
\mult@nat@firstbox=\box102
\colbreak@box=\box103
\mc@col@check@num=\count308
)
(C:\Users\frigi\AppData\Local\Programs\MiKTeX\tex/latex/subfig\subfig.sty
Package: subfig 2005/06/28 ver: 1.3 subfig package

(C:\Users\frigi\AppData\Local\Programs\MiKTeX\tex/latex/caption\caption.sty
Package: caption 2023/03/12 v3.6j Customizing captions (AR)

(C:\Users\frigi\AppData\Local\Programs\MiKTeX\tex/latex/caption\caption3.sty
Package: caption3 2023/03/12 v2.4 caption3 kernel (AR)
\caption@tempdima=\dimen185
\captionmargin=\dimen186
\caption@leftmargin=\dimen187
\caption@rightmargin=\dimen188
\caption@width=\dimen189
\caption@indent=\dimen190
\caption@parindent=\dimen191
\caption@hangindent=\dimen192
Package caption Info: Standard document class detected.
)
\c@caption@flags=\count309
\c@continuedfloat=\count310
Package caption Info: float package is loaded.
)
\c@KVtest=\count311
\sf@farskip=\skip76
\sf@captopadj=\dimen193
\sf@capskip=\skip77
\sf@nearskip=\skip78
\c@subfigure=\count312
\c@subfigure@save=\count313
\c@lofdepth=\count314
\c@subtable=\count315
\c@subtable@save=\count316
\c@lotdepth=\count317
\sf@top=\skip79
\sf@bottom=\skip80
) (C:\Users\frigi\AppData\Local\Programs\MiKTeX\tex/latex/siunitx\siunitx.sty
Package: siunitx 2023-04-13 v3.2.5 A comprehensive (SI) units package
\l__siunitx_angle_tmp_dim=\dimen194
\l__siunitx_angle_marker_box=\box104
\l__siunitx_angle_unit_box=\box105
\l__siunitx_compound_count_int=\count318
\l__siunitx_number_exponent_fixed_int=\count319
\l__siunitx_number_min_decimal_int=\count320
\l__siunitx_number_min_integer_int=\count321
\l__siunitx_number_round_precision_int=\count322
\l__siunitx_number_lower_threshold_int=\count323
\l__siunitx_number_upper_threshold_int=\count324
\l__siunitx_number_group_first_int=\count325
\l__siunitx_number_group_size_int=\count326
\l__siunitx_number_group_minimum_int=\count327
\l__siunitx_table_tmp_box=\box106
\l__siunitx_table_tmp_dim=\dimen195
\l__siunitx_table_column_width_dim=\dimen196
\l__siunitx_table_integer_box=\box107
\l__siunitx_table_decimal_box=\box108
\l__siunitx_table_uncert_box=\box109
\l__siunitx_table_before_box=\box110
\l__siunitx_table_after_box=\box111
\l__siunitx_table_before_dim=\dimen197
\l__siunitx_table_carry_dim=\dimen198
\l__siunitx_unit_tmp_int=\count328
\l__siunitx_unit_position_int=\count329
\l__siunitx_unit_total_int=\count330
)
(C:\Users\frigi\AppData\Local\Programs\MiKTeX\tex/latex/geometry\geometry.sty
Package: geometry 2020/01/02 v5.9 Page Geometry

(C:\Users\frigi\AppData\Local\Programs\MiKTeX\tex/generic/iftex\ifvtex.sty
Package: ifvtex 2019/10/25 v1.7 ifvtex legacy package. Use iftex instead.

(C:\Users\frigi\AppData\Local\Programs\MiKTeX\tex/generic/iftex\iftex.sty
Package: iftex 2022/02/03 v1.0f TeX engine tests
))
\Gm@cnth=\count331
\Gm@cntv=\count332
\c@Gm@tempcnt=\count333
\Gm@bindingoffset=\dimen199
\Gm@wd@mp=\dimen256
\Gm@odd@mp=\dimen257
\Gm@even@mp=\dimen258
\Gm@layoutwidth=\dimen259
\Gm@layoutheight=\dimen260
\Gm@layouthoffset=\dimen261
\Gm@layoutvoffset=\dimen262
\Gm@dimlist=\toks32

(C:\Users\frigi\AppData\Local\Programs\MiKTeX\tex/latex/geometry\geometry.cfg))
(C:\Users\frigi\AppData\Local\Programs\MiKTeX\tex/latex/fancyhdr\fancyhdr.sty
Package: fancyhdr 2022/11/09 v4.1 Extensive control of page headers and footers

\f@nch@headwidth=\skip81
\f@nch@O@elh=\skip82
\f@nch@O@erh=\skip83
\f@nch@O@olh=\skip84
\f@nch@O@orh=\skip85
\f@nch@O@elf=\skip86
\f@nch@O@erf=\skip87
\f@nch@O@olf=\skip88
\f@nch@O@orf=\skip89
)
(C:\Users\frigi\AppData\Local\Programs\MiKTeX\tex/latex/biblatex\biblatex.sty
Package: biblatex 2023/03/05 v3.19 programmable bibliographies (PK/MW)

(C:\Users\frigi\AppData\Local\Programs\MiKTeX\tex/generic/pdftexcmds\pdftexcmds
.sty
Package: pdftexcmds 2020-06-27 v0.33 Utility functions of pdfTeX for LuaTeX (HO
)

(C:\Users\frigi\AppData\Local\Programs\MiKTeX\tex/generic/infwarerr\infwarerr.s
ty
Package: infwarerr 2019/12/03 v1.5 Providing info/warning/error messages (HO)
)
(C:\Users\frigi\AppData\Local\Programs\MiKTeX\tex/generic/ltxcmds\ltxcmds.sty
Package: ltxcmds 2020-05-10 v1.25 LaTeX kernel commands for general use (HO)
)
Package pdftexcmds Info: \pdf@primitive is available.
Package pdftexcmds Info: \pdf@ifprimitive is available.
Package pdftexcmds Info: \pdfdraftmode found.
) (C:\Users\frigi\AppData\Local\Programs\MiKTeX\tex/latex/etoolbox\etoolbox.sty
Package: etoolbox 2020/10/05 v2.5k e-TeX tools for LaTeX (JAW)
\etb@tempcnta=\count334
)
(C:\Users\frigi\AppData\Local\Programs\MiKTeX\tex/latex/kvoptions\kvoptions.sty
Package: kvoptions 2022-06-15 v3.15 Key value format for package options (HO)

(C:\Users\frigi\AppData\Local\Programs\MiKTeX\tex/latex/kvsetkeys\kvsetkeys.sty
Package: kvsetkeys 2022-10-05 v1.19 Key value parser (HO)
)) (C:\Users\frigi\AppData\Local\Programs\MiKTeX\tex/latex/logreq\logreq.sty
Package: logreq 2010/08/04 v1.0 xml request logger
\lrq@indent=\count335

(C:\Users\frigi\AppData\Local\Programs\MiKTeX\tex/latex/logreq\logreq.def
File: logreq.def 2010/08/04 v1.0 logreq spec v1.0
))
\c@tabx@nest=\count336
\c@listtotal=\count337
\c@listcount=\count338
\c@liststart=\count339
\c@liststop=\count340
\c@citecount=\count341
\c@citetotal=\count342
\c@multicitecount=\count343
\c@multicitetotal=\count344
\c@instcount=\count345
\c@maxnames=\count346
\c@minnames=\count347
\c@maxitems=\count348
\c@minitems=\count349
\c@citecounter=\count350
\c@maxcitecounter=\count351
\c@savedcitecounter=\count352
\c@uniquelist=\count353
\c@uniquename=\count354
\c@refsection=\count355
\c@refsegment=\count356
\c@maxextratitle=\count357
\c@maxextratitleyear=\count358
\c@maxextraname=\count359
\c@maxextradate=\count360
\c@maxextraalpha=\count361
\c@abbrvpenalty=\count362
\c@highnamepenalty=\count363
\c@lownamepenalty=\count364
\c@maxparens=\count365
\c@parenlevel=\count366
\blx@tempcnta=\count367
\blx@tempcntb=\count368
\blx@tempcntc=\count369
\c@blx@maxsection=\count370
\blx@maxsegment@0=\count371
\blx@notetype=\count372
\blx@parenlevel@text=\count373
\blx@parenlevel@foot=\count374
\blx@sectionciteorder@0=\count375
\blx@sectionciteorderinternal@0=\count376
\blx@entrysetcounter=\count377
\blx@biblioinstance=\count378
\labelnumberwidth=\skip90
\labelalphawidth=\skip91
\biblabelsep=\skip92
\bibitemsep=\skip93
\bibnamesep=\skip94
\bibinitsep=\skip95
\bibparsep=\skip96
\bibhang=\skip97
\blx@bcfin=\read3
\blx@bcfout=\write3
\blx@langwohyphens=\language80
\c@mincomprange=\count379
\c@maxcomprange=\count380
\c@mincompwidth=\count381
Package biblatex Info: Trying to load biblatex default data model...
Package biblatex Info: ... file 'blx-dm.def' found.

(C:\Users\frigi\AppData\Local\Programs\MiKTeX\tex/latex/biblatex\blx-dm.def
File: blx-dm.def 2023/03/05 v3.19 biblatex localization (PK/MW)
)
Package biblatex Info: Trying to load biblatex custom data model...
Package biblatex Info: ... file 'biblatex-dm.cfg' not found.
\c@afterword=\count382
\c@savedafterword=\count383
\c@annotator=\count384
\c@savedannotator=\count385
\c@author=\count386
\c@savedauthor=\count387
\c@bookauthor=\count388
\c@savedbookauthor=\count389
\c@commentator=\count390
\c@savedcommentator=\count391
\c@editor=\count392
\c@savededitor=\count393
\c@editora=\count394
\c@savededitora=\count395
\c@editorb=\count396
\c@savededitorb=\count397
\c@editorc=\count398
\c@savededitorc=\count399
\c@foreword=\count400
\c@savedforeword=\count401
\c@holder=\count402
\c@savedholder=\count403
\c@introduction=\count404
\c@savedintroduction=\count405
\c@namea=\count406
\c@savednamea=\count407
\c@nameb=\count408
\c@savednameb=\count409
\c@namec=\count410
\c@savednamec=\count411
\c@translator=\count412
\c@savedtranslator=\count413
\c@shortauthor=\count414
\c@savedshortauthor=\count415
\c@shorteditor=\count416
\c@savedshorteditor=\count417
\c@labelname=\count418
\c@savedlabelname=\count419
\c@institution=\count420
\c@savedinstitution=\count421
\c@lista=\count422
\c@savedlista=\count423
\c@listb=\count424
\c@savedlistb=\count425
\c@listc=\count426
\c@savedlistc=\count427
\c@listd=\count428
\c@savedlistd=\count429
\c@liste=\count430
\c@savedliste=\count431
\c@listf=\count432
\c@savedlistf=\count433
\c@location=\count434
\c@savedlocation=\count435
\c@organization=\count436
\c@savedorganization=\count437
\c@origlocation=\count438
\c@savedoriglocation=\count439
\c@origpublisher=\count440
\c@savedorigpublisher=\count441
\c@publisher=\count442
\c@savedpublisher=\count443
\c@language=\count444
\c@savedlanguage=\count445
\c@origlanguage=\count446
\c@savedoriglanguage=\count447
\c@pageref=\count448
\c@savedpageref=\count449
\shorthandwidth=\skip98
\shortjournalwidth=\skip99
\shortserieswidth=\skip100
\shorttitlewidth=\skip101
\shortauthorwidth=\skip102
\shorteditorwidth=\skip103
\locallabelnumberwidth=\skip104
\locallabelalphawidth=\skip105
\localshorthandwidth=\skip106
\localshortjournalwidth=\skip107
\localshortserieswidth=\skip108
\localshorttitlewidth=\skip109
\localshortauthorwidth=\skip110
\localshorteditorwidth=\skip111
Package biblatex Info: Trying to load compatibility code...
Package biblatex Info: ... file 'blx-compat.def' found.

(C:\Users\frigi\AppData\Local\Programs\MiKTeX\tex/latex/biblatex\blx-compat.def
File: blx-compat.def 2023/03/05 v3.19 biblatex compatibility (PK/MW)
)
Package biblatex Info: Trying to load generic definitions...
Package biblatex Info: ... file 'biblatex.def' found.
 (C:\Users\frigi\AppData\Local\Programs\MiKTeX\tex/latex/biblatex\biblatex.def
File: biblatex.def 2023/03/05 v3.19 biblatex compatibility (PK/MW)
\c@textcitecount=\count450
\c@textcitetotal=\count451
\c@textcitemaxnames=\count452
\c@biburlbigbreakpenalty=\count453
\c@biburlbreakpenalty=\count454
\c@biburlnumpenalty=\count455
\c@biburlucpenalty=\count456
\c@biburllcpenalty=\count457
\biburlbigskip=\muskip18
\biburlnumskip=\muskip19
\biburlucskip=\muskip20
\biburllcskip=\muskip21
\c@smartand=\count458
)
Package biblatex Info: Trying to load bibliography style 'numeric'...
Package biblatex Info: ... file 'numeric.bbx' found.

(C:\Users\frigi\AppData\Local\Programs\MiKTeX\tex/latex/biblatex/bbx\numeric.bb
x
File: numeric.bbx 2023/03/05 v3.19 biblatex bibliography style (PK/MW)
Package biblatex Info: Trying to load bibliography style 'standard'...
Package biblatex Info: ... file 'standard.bbx' found.

(C:\Users\frigi\AppData\Local\Programs\MiKTeX\tex/latex/biblatex/bbx\standard.b
bx
File: standard.bbx 2023/03/05 v3.19 biblatex bibliography style (PK/MW)
\c@bbx:relatedcount=\count459
\c@bbx:relatedtotal=\count460
))
Package biblatex Info: Trying to load citation style 'numeric'...
Package biblatex Info: ... file 'numeric.cbx' found.

(C:\Users\frigi\AppData\Local\Programs\MiKTeX\tex/latex/biblatex/cbx\numeric.cb
x
File: numeric.cbx 2023/03/05 v3.19 biblatex citation style (PK/MW)
Package biblatex Info: Redefining '\cite'.
Package biblatex Info: Redefining '\parencite'.
Package biblatex Info: Redefining '\footcite'.
Package biblatex Info: Redefining '\footcitetext'.
Package biblatex Info: Redefining '\smartcite'.
Package biblatex Info: Redefining '\supercite'.
Package biblatex Info: Redefining '\textcite'.
Package biblatex Info: Redefining '\textcites'.
Package biblatex Info: Redefining '\cites'.
Package biblatex Info: Redefining '\parencites'.
Package biblatex Info: Redefining '\smartcites'.
)
Package biblatex Info: Trying to load configuration file...
Package biblatex Info: ... file 'biblatex.cfg' found.

(C:\Users\frigi\AppData\Local\Programs\MiKTeX\tex/latex/biblatex\biblatex.cfg
File: biblatex.cfg 
)
Package biblatex Info: Input encoding 'utf8' detected.
Package biblatex Info: Document encoding is UTF8 ....

(C:\Users\frigi\AppData\Local\Programs\MiKTeX\tex/latex/l3kernel\expl3.sty
Package: expl3 2023-04-20 L3 programming layer (loader) 

(C:\Users\frigi\AppData\Local\Programs\MiKTeX\tex/latex/l3backend\l3backend-pdf
tex.def
File: l3backend-pdftex.def 2023-04-19 L3 backend support: PDF output (pdfTeX)
\l__color_backend_stack_int=\count461
\l__pdf_internal_box=\box112
))
Package biblatex Info: ... and expl3
(biblatex)             2023-04-20 L3 programming layer (loader) 
(biblatex)             is new enough (at least 2020/04/06),
(biblatex)             setting 'casechanger=expl3'.

(C:\Users\frigi\AppData\Local\Programs\MiKTeX\tex/latex/biblatex\blx-case-expl3
.sty
(C:\Users\frigi\AppData\Local\Programs\MiKTeX\tex/latex/l3packages/xparse\xpars
e.sty
Package: xparse 2023-02-02 L3 Experimental document command parser
)
Package: blx-case-expl3 2023/03/05 v3.19 expl3 case changing code for biblatex
))
(C:\Users\frigi\AppData\Local\Programs\MiKTeX\tex/latex/algorithmicx\algpseudoc
ode.sty
Package: algpseudocode 

(C:\Users\frigi\AppData\Local\Programs\MiKTeX\tex/latex/algorithmicx\algorithmi
cx.sty
Package: algorithmicx 2005/04/27 v1.2 Algorithmicx

Document Style algorithmicx 1.2 - a greatly improved `algorithmic' style
\c@ALG@line=\count462
\c@ALG@rem=\count463
\c@ALG@nested=\count464
\ALG@tlm=\skip112
\ALG@thistlm=\skip113
\c@ALG@Lnr=\count465
\c@ALG@blocknr=\count466
\c@ALG@storecount=\count467
\c@ALG@tmpcounter=\count468
\ALG@tmplength=\skip114

C:\Users\frigi\AppData\Local\Programs\MiKTeX\tex/latex/algorithmicx\algorithmic
x.sty:112: LaTeX Error: Command \algorithmic already defined.
               Or name \end... illegal, see p.192 of the manual.

See the LaTeX manual or LaTeX Companion for explanation.
Type  H <return>  for immediate help.
 ...                                              
                                                  
l.112    }
          %
Your command was ignored.
Type  I <command> <return>  to replace it with another command,
or  <return>  to continue without it.

)
Document Style - pseudocode environments for use with the `algorithmicx' style
) (C:\Users\frigi\AppData\Local\Programs\MiKTeX\tex/latex/base\textcomp.sty
Package: textcomp 2020/02/02 v2.0n Standard LaTeX package
)

main.tex:63: Package biblatex Error: '\bibliographystyle' invalid for 'biblatex
'.

See the biblatex package documentation for explanation.
Type  H <return>  for immediate help.
 ...                                              
                                                  
l.63 \bibliographystyle{ieeetr}
                               
Use the package option 'style' instead.
I'm ignoring this command.


Package biblatex Warning: 'babel/polyglossia' detected but 'csquotes' missing.
(biblatex)                Loading 'csquotes' recommended.

\@quotelevel=\count469
\@quotereset=\count470
(C:/Users\frigi\Desktop\Code\Stage-Microbiote\Reports\Notes\out\main.aux)
\openout1 = `main.aux'.

LaTeX Font Info:    Checking defaults for OML/cmm/m/it on input line 81.
LaTeX Font Info:    ... okay on input line 81.
LaTeX Font Info:    Checking defaults for OMS/cmsy/m/n on input line 81.
LaTeX Font Info:    ... okay on input line 81.
LaTeX Font Info:    Checking defaults for OT1/cmr/m/n on input line 81.
LaTeX Font Info:    ... okay on input line 81.
LaTeX Font Info:    Checking defaults for T1/cmr/m/n on input line 81.
LaTeX Font Info:    ... okay on input line 81.
LaTeX Font Info:    Checking defaults for TS1/cmr/m/n on input line 81.
LaTeX Font Info:    ... okay on input line 81.
LaTeX Font Info:    Checking defaults for OMX/cmex/m/n on input line 81.
LaTeX Font Info:    ... okay on input line 81.
LaTeX Font Info:    Checking defaults for U/cmr/m/n on input line 81.
LaTeX Font Info:    ... okay on input line 81.

(C:\Users\frigi\AppData\Local\Programs\MiKTeX\tex/context/base/mkii\supp-pdf.mk
ii
[Loading MPS to PDF converter (version 2006.09.02).]
\scratchcounter=\count471
\scratchdimen=\dimen263
\scratchbox=\box113
\nofMPsegments=\count472
\nofMParguments=\count473
\everyMPshowfont=\toks33
\MPscratchCnt=\count474
\MPscratchDim=\dimen264
\MPnumerator=\count475
\makeMPintoPDFobject=\count476
\everyMPtoPDFconversion=\toks34
)
(C:\Users\frigi\AppData\Local\Programs\MiKTeX\tex/latex/epstopdf-pkg\epstopdf-b
ase.sty
Package: epstopdf-base 2020-01-24 v2.11 Base part for package epstopdf
Package epstopdf-base Info: Redefining graphics rule for `.eps' on input line 4
85.

(C:\Users\frigi\AppData\Local\Programs\MiKTeX\tex/latex/00miktex\epstopdf-sys.c
fg
File: epstopdf-sys.cfg 2021/03/18 v2.0 Configuration of epstopdf for MiKTeX
))
Package caption Info: Begin \AtBeginDocument code.
Package caption Info: subfig package v1.3 is loaded.
Package caption Info: End \AtBeginDocument code.

*geometry* driver: auto-detecting
*geometry* detected driver: pdftex
*geometry* verbose mode - [ preamble ] result:
* driver: pdftex
* paper: a4paper
* layout: <same size as paper>
* layoutoffset:(h,v)=(0.0pt,0.0pt)
* modes: 
* h-part:(L,W,R)=(56.9055pt, 483.69687pt, 56.9055pt)
* v-part:(T,H,B)=(85.35826pt, 674.33032pt, 85.35826pt)
* \paperwidth=597.50787pt
* \paperheight=845.04684pt
* \textwidth=483.69687pt
* \textheight=674.33032pt
* \oddsidemargin=-15.36449pt
* \evensidemargin=-15.36449pt
* \topmargin=-23.91173pt
* \headheight=12.0pt
* \headsep=25.0pt
* \topskip=12.0pt
* \footskip=30.0pt
* \marginparwidth=44.0pt
* \marginparsep=10.0pt
* \columnsep=17.07164pt
* \skip\footins=10.8pt plus 4.0pt minus 2.0pt
* \hoffset=0.0pt
* \voffset=0.0pt
* \mag=1000
* \@twocolumnfalse
* \@twosidefalse
* \@mparswitchfalse
* \@reversemarginfalse
* (1in=72.27pt=25.4mm, 1cm=28.453pt)

Package biblatex Info: Trying to load language 'english'...
Package biblatex Info: ... file 'english.lbx' found.

(C:\Users\frigi\AppData\Local\Programs\MiKTeX\tex/latex/biblatex/lbx\english.lb
x
File: english.lbx 2023/03/05 v3.19 biblatex localization (PK/MW)
)
Package biblatex Info: Input encoding 'utf8' detected.
Package biblatex Info: Automatic encoding selection.
(biblatex)             Assuming data encoding 'utf8'.
\openout3 = `main.bcf'.

Package biblatex Info: Trying to load bibliographic data...
Package biblatex Info: ... file 'main.bbl' found.
 (C:/Users\frigi\Desktop\Code\Stage-Microbiote\Reports\Notes\out\main.bbl)
Package biblatex Info: Reference section=0 on input line 81.
Package biblatex Info: Reference segment=0 on input line 81.

(sections/general/titlepage.tex
<images/logo_ipp.png, id=1, 270.51062pt x 270.00874pt>
File: images/logo_ipp.png Graphic file (type png)
<use images/logo_ipp.png>
Package pdftex.def Info: images/logo_ipp.png  used on input line 9.
(pdftex.def)             Requested size: 241.84843pt x 241.40704pt.
 [1

{C:/Users/frigi/AppData/Local/MiKTeX/fonts/map/pdftex/pdftex.map} <./images/log
o_ipp.png>]
(C:/Users\frigi\Desktop\Code\Stage-Microbiote\Reports\Notes\out\main.toc
LaTeX Font Info:    Trying to load font information for U+msa on input line 4.

(C:\Users\frigi\AppData\Local\Programs\MiKTeX\tex/latex/amsfonts\umsa.fd
File: umsa.fd 2013/01/14 v3.01 AMS symbols A
)
LaTeX Font Info:    Trying to load font information for U+msb on input line 4.

(C:\Users\frigi\AppData\Local\Programs\MiKTeX\tex/latex/amsfonts\umsb.fd
File: umsb.fd 2013/01/14 v3.01 AMS symbols B
))
\tf@toc=\write4
\openout4 = `main.toc'.



Package fancyhdr Warning: \headheight is too small (12.0pt): 
(fancyhdr)                Make it at least 14.49998pt, for example:
(fancyhdr)                \setlength{\headheight}{14.49998pt}.
(fancyhdr)                You might also make \topmargin smaller to compensate:

(fancyhdr)                \addtolength{\topmargin}{-2.49998pt}.

[1]) (sections/general/introduction.tex
Underfull \hbox (badness 10000) in paragraph at lines 4--7

 []


Underfull \hbox (badness 10000) in paragraph at lines 8--14

 []


Underfull \hbox (badness 10000) in paragraph at lines 15--16

 []

)

Package fancyhdr Warning: \headheight is too small (12.0pt): 
(fancyhdr)                Make it at least 14.49998pt, for example:
(fancyhdr)                \setlength{\headheight}{14.49998pt}.
(fancyhdr)                You might also make \topmargin smaller to compensate:

(fancyhdr)                \addtolength{\topmargin}{-2.49998pt}.

[2] (sections/EM/EM.tex
sections/EM/EM.tex:27: Missing number, treated as zero.
<to be read again> 
                   \ALG@currentblock@0 
l.27     \end{algorithmic}
                          
A number should have been here; I inserted `0'.
(If you can't figure out why I needed to see a number,
look up `weird error' in the index to The TeXbook.)

sections/EM/EM.tex:27: Missing = inserted for \ifnum.
<to be read again> 
                   \ALG@currentblock@0 
l.27     \end{algorithmic}
                          
I was expecting to see `<', `=', or `>'. Didn't.

sections/EM/EM.tex:27: Missing number, treated as zero.
<to be read again> 
                   \ALG@currentblock@0 
l.27     \end{algorithmic}
                          
A number should have been here; I inserted `0'.
(If you can't figure out why I needed to see a number,
look up `weird error' in the index to The TeXbook.)


Underfull \hbox (badness 10000) in paragraph at lines 39--42

 []

) (sections/EM/GMM.tex

Package fancyhdr Warning: \headheight is too small (12.0pt): 
(fancyhdr)                Make it at least 14.49998pt, for example:
(fancyhdr)                \setlength{\headheight}{14.49998pt}.
(fancyhdr)                You might also make \topmargin smaller to compensate:

(fancyhdr)                \addtolength{\topmargin}{-2.49998pt}.

[3]

sections/EM/GMM.tex:21: Package amsmath Error: Erroneous nesting of equation st
ructures;
(amsmath)                trying to recover with `aligned'.

See the amsmath package documentation for explanation.
Type  H <return>  for immediate help.
 ...                                              
                                                  
l.21 \end{align}
                
Try typing  <return>  to proceed.
If that doesn't work, type  X <return>  to quit.


sections/EM/GMM.tex:30: Package amsmath Error: Erroneous nesting of equation st
ructures;
(amsmath)                trying to recover with `aligned'.

See the amsmath package documentation for explanation.
Type  H <return>  for immediate help.
 ...                                              
                                                  
l.30 \end{align}
                
Try typing  <return>  to proceed.
If that doesn't work, type  X <return>  to quit.


sections/EM/GMM.tex:45: Package amsmath Error: Erroneous nesting of equation st
ructures;
(amsmath)                trying to recover with `aligned'.

See the amsmath package documentation for explanation.
Type  H <return>  for immediate help.
 ...                                              
                                                  
l.45     \end{align}
                    
Try typing  <return>  to proceed.
If that doesn't work, type  X <return>  to quit.


Package fancyhdr Warning: \headheight is too small (12.0pt): 
(fancyhdr)                Make it at least 14.49998pt, for example:
(fancyhdr)                \setlength{\headheight}{14.49998pt}.
(fancyhdr)                You might also make \topmargin smaller to compensate:

(fancyhdr)                \addtolength{\topmargin}{-2.49998pt}.

[4]

sections/EM/GMM.tex:53: Package amsmath Error: Erroneous nesting of equation st
ructures;
(amsmath)                trying to recover with `aligned'.

See the amsmath package documentation for explanation.
Type  H <return>  for immediate help.
 ...                                              
                                                  
l.53     \end{align}
                    
Try typing  <return>  to proceed.
If that doesn't work, type  X <return>  to quit.


Overfull \hbox (20.47322pt too wide) in paragraph at lines 77--78
[]\T1/cmr/m/n/12 For each sam-ple, char-ac-ter-ized by ($\OML/cmm/m/it/12 X[]$\
T1/cmr/m/n/12 , $\OML/cmm/m/it/12 Z[]$\T1/cmr/m/n/12 ), draw the la-bel of the 
sam-ple as $\OML/cmm/m/it/12 Y[] \OMS/cmsy/m/n/12 ^^X B\OT1/cmr/m/n/12 (\OML/cm
m/m/it/12 ^^[\OT1/cmr/m/n/12 (\OML/cmm/m/it/12 W[]e[] \OT1/cmr/m/n/12 +
 []

<images/samples_gmm_lc.png, id=42, 419.5675pt x 343.78438pt>
File: images/samples_gmm_lc.png Graphic file (type png)
<use images/samples_gmm_lc.png>
Package pdftex.def Info: images/samples_gmm_lc.png  used on input line 83.
(pdftex.def)             Requested size: 293.69524pt x 240.64742pt.

Package fancyhdr Warning: \headheight is too small (12.0pt): 
(fancyhdr)                Make it at least 14.49998pt, for example:
(fancyhdr)                \setlength{\headheight}{14.49998pt}.
(fancyhdr)                You might also make \topmargin smaller to compensate:

(fancyhdr)                \addtolength{\topmargin}{-2.49998pt}.

[5]
<images/samples_gmm_lc_badconditioning.png, id=46, 420.57124pt x 341.275pt>
File: images/samples_gmm_lc_badconditioning.png Graphic file (type png)
<use images/samples_gmm_lc_badconditioning.png>
Package pdftex.def Info: images/samples_gmm_lc_badconditioning.png  used on inp
ut line 96.
(pdftex.def)             Requested size: 294.39786pt x 238.89085pt.
) (sections/EM/dirichlet.tex

Package fancyhdr Warning: \headheight is too small (12.0pt): 
(fancyhdr)                Make it at least 14.49998pt, for example:
(fancyhdr)                \setlength{\headheight}{14.49998pt}.
(fancyhdr)                You might also make \topmargin smaller to compensate:

(fancyhdr)                \addtolength{\topmargin}{-2.49998pt}.

[6 <./images/samples_gmm_lc.png> <./images/samples_gmm_lc_badconditioning.png>]

Underfull \hbox (badness 10000) in paragraph at lines 5--9

 []


Underfull \hbox (badness 10000) in paragraph at lines 22--24

 []


sections/EM/dirichlet.tex:30: Package amsmath Error: Erroneous nesting of equat
ion structures;
(amsmath)                trying to recover with `aligned'.

See the amsmath package documentation for explanation.
Type  H <return>  for immediate help.
 ...                                              
                                                  
l.30 \end{align}
                
Try typing  <return>  to proceed.
If that doesn't work, type  X <return>  to quit.


Package fancyhdr Warning: \headheight is too small (12.0pt): 
(fancyhdr)                Make it at least 14.49998pt, for example:
(fancyhdr)                \setlength{\headheight}{14.49998pt}.
(fancyhdr)                You might also make \topmargin smaller to compensate:

(fancyhdr)                \addtolength{\topmargin}{-2.49998pt}.

[7]

sections/EM/dirichlet.tex:45: Package amsmath Error: Erroneous nesting of equat
ion structures;
(amsmath)                trying to recover with `aligned'.

See the amsmath package documentation for explanation.
Type  H <return>  for immediate help.
 ...                                              
                                                  
l.45         \end{align}
                        
Try typing  <return>  to proceed.
If that doesn't work, type  X <return>  to quit.


sections/EM/dirichlet.tex:56: Package amsmath Error: Erroneous nesting of equat
ion structures;
(amsmath)                trying to recover with `aligned'.

See the amsmath package documentation for explanation.
Type  H <return>  for immediate help.
 ...                                              
                                                  
l.56         \end{align}
                        
Try typing  <return>  to proceed.
If that doesn't work, type  X <return>  to quit.


sections/EM/dirichlet.tex:64: Package amsmath Error: Erroneous nesting of equat
ion structures;
(amsmath)                trying to recover with `aligned'.

See the amsmath package documentation for explanation.
Type  H <return>  for immediate help.
 ...                                              
                                                  
l.64         \end{align}
                        
Try typing  <return>  to proceed.
If that doesn't work, type  X <return>  to quit.

<images/samples_dirichlet_lc.png, id=56, 411.5375pt x 320.19624pt>
File: images/samples_dirichlet_lc.png Graphic file (type png)
<use images/samples_dirichlet_lc.png>
Package pdftex.def Info: images/samples_dirichlet_lc.png  used on input line 75
.
(pdftex.def)             Requested size: 288.07428pt x 224.13583pt.

Package fancyhdr Warning: \headheight is too small (12.0pt): 
(fancyhdr)                Make it at least 14.49998pt, for example:
(fancyhdr)                \setlength{\headheight}{14.49998pt}.
(fancyhdr)                You might also make \topmargin smaller to compensate:

(fancyhdr)                \addtolength{\topmargin}{-2.49998pt}.

[8])

Package fancyhdr Warning: \headheight is too small (12.0pt): 
(fancyhdr)                Make it at least 14.49998pt, for example:
(fancyhdr)                \setlength{\headheight}{14.49998pt}.
(fancyhdr)                You might also make \topmargin smaller to compensate:

(fancyhdr)                \addtolength{\topmargin}{-2.49998pt}.

[9 <./images/samples_dirichlet_lc.png>] (sections/discrete_vae/vae.tex

sections/discrete_vae/vae.tex:47: Package amsmath Error: Erroneous nesting of e
quation structures;
(amsmath)                trying to recover with `aligned'.

See the amsmath package documentation for explanation.
Type  H <return>  for immediate help.
 ...                                              
                                                  
l.47 \end{align}
                
Try typing  <return>  to proceed.
If that doesn't work, type  X <return>  to quit.


Package fancyhdr Warning: \headheight is too small (12.0pt): 
(fancyhdr)                Make it at least 14.49998pt, for example:
(fancyhdr)                \setlength{\headheight}{14.49998pt}.
(fancyhdr)                You might also make \topmargin smaller to compensate:

(fancyhdr)                \addtolength{\topmargin}{-2.49998pt}.

[10]

sections/discrete_vae/vae.tex:71: Package amsmath Error: Erroneous nesting of e
quation structures;
(amsmath)                trying to recover with `aligned'.

See the amsmath package documentation for explanation.
Type  H <return>  for immediate help.
 ...                                              
                                                  
l.71 ...i}(z|x) \Vert p_{\theta}(z)] \\\end{align}
                                                  
Try typing  <return>  to proceed.
If that doesn't work, type  X <return>  to quit.

<images/Reparameterized_Variational_Autoencoder.png, id=68, 803.0pt x 333.245pt
>
File: images/Reparameterized_Variational_Autoencoder.png Graphic file (type png
)
<use images/Reparameterized_Variational_Autoencoder.png>
Package pdftex.def Info: images/Reparameterized_Variational_Autoencoder.png  us
ed on input line 100.
(pdftex.def)             Requested size: 338.58632pt x 140.51619pt.

Package fancyhdr Warning: \headheight is too small (12.0pt): 
(fancyhdr)                Make it at least 14.49998pt, for example:
(fancyhdr)                \setlength{\headheight}{14.49998pt}.
(fancyhdr)                You might also make \topmargin smaller to compensate:

(fancyhdr)                \addtolength{\topmargin}{-2.49998pt}.

[11])

Package fancyhdr Warning: \headheight is too small (12.0pt): 
(fancyhdr)                Make it at least 14.49998pt, for example:
(fancyhdr)                \setlength{\headheight}{14.49998pt}.
(fancyhdr)                You might also make \topmargin smaller to compensate:

(fancyhdr)                \addtolength{\topmargin}{-2.49998pt}.

[12 <./images/Reparameterized_Variational_Autoencoder.png>]
(sections/discrete_vae/vq_vae.tex
<images/vq_vae_architecture.png, id=77, 839.63687pt x 178.16562pt>
File: images/vq_vae_architecture.png Graphic file (type png)
<use images/vq_vae_architecture.png>
Package pdftex.def Info: images/vq_vae_architecture.png  used on input line 11.

(pdftex.def)             Requested size: 435.32422pt x 92.37207pt.
<images/vq_vae_quantization.png, id=78, 815.54688pt x 330.73563pt>
File: images/vq_vae_quantization.png Graphic file (type png)
<use images/vq_vae_quantization.png>
Package pdftex.def Info: images/vq_vae_quantization.png  used on input line 28.

(pdftex.def)             Requested size: 338.58632pt x 137.30823pt.


Package fancyhdr Warning: \headheight is too small (12.0pt): 
(fancyhdr)                Make it at least 14.49998pt, for example:
(fancyhdr)                \setlength{\headheight}{14.49998pt}.
(fancyhdr)                You might also make \topmargin smaller to compensate:

(fancyhdr)                \addtolength{\topmargin}{-2.49998pt}.

[13 <./images/vq_vae_architecture.png> <./images/vq_vae_quantization.png>]
LaTeX Font Info:    Trying to load font information for U+dsrom on input line 4
6.

(C:\Users\frigi\AppData\Local\Programs\MiKTeX\tex/latex/doublestroke\udsrom.fd
File: Udsrom.fd 1995/08/01 v0.1 Double stroke roman font definitions
)

sections/discrete_vae/vq_vae.tex:63: Package amsmath Error: Erroneous nesting o
f equation structures;
(amsmath)                trying to recover with `aligned'.

See the amsmath package documentation for explanation.
Type  H <return>  for immediate help.
 ...                                              
                                                  
l.63 \end{align}
                
Try typing  <return>  to proceed.
If that doesn't work, type  X <return>  to quit.


sections/discrete_vae/vq_vae.tex:72: Package amsmath Error: Erroneous nesting o
f equation structures;
(amsmath)                trying to recover with `aligned'.

See the amsmath package documentation for explanation.
Type  H <return>  for immediate help.
 ...                                              
                                                  
l.72           \end{align}
                          
Try typing  <return>  to proceed.
If that doesn't work, type  X <return>  to quit.


sections/discrete_vae/vq_vae.tex:82: Package amsmath Error: Erroneous nesting o
f equation structures;
(amsmath)                trying to recover with `aligned'.

See the amsmath package documentation for explanation.
Type  H <return>  for immediate help.
 ...                                              
                                                  
l.82           \end{align}
                          
Try typing  <return>  to proceed.
If that doesn't work, type  X <return>  to quit.


Package fancyhdr Warning: \headheight is too small (12.0pt): 
(fancyhdr)                Make it at least 14.49998pt, for example:
(fancyhdr)                \setlength{\headheight}{14.49998pt}.
(fancyhdr)                You might also make \topmargin smaller to compensate:

(fancyhdr)                \addtolength{\topmargin}{-2.49998pt}.

[14])

Package fancyhdr Warning: \headheight is too small (12.0pt): 
(fancyhdr)                Make it at least 14.49998pt, for example:
(fancyhdr)                \setlength{\headheight}{14.49998pt}.
(fancyhdr)                You might also make \topmargin smaller to compensate:

(fancyhdr)                \addtolength{\topmargin}{-2.49998pt}.

[15] (sections/discrete_vae/pixel_cnn.tex
<images/masked_convolution_pixel_cnn.png, id=92, 214.8025pt x 176.66pt>
File: images/masked_convolution_pixel_cnn.png Graphic file (type png)
<use images/masked_convolution_pixel_cnn.png>
Package pdftex.def Info: images/masked_convolution_pixel_cnn.png  used on input
 line 26.
(pdftex.def)             Requested size: 193.32045pt x 158.99252pt.


Package fancyhdr Warning: \headheight is too small (12.0pt): 
(fancyhdr)                Make it at least 14.49998pt, for example:
(fancyhdr)                \setlength{\headheight}{14.49998pt}.
(fancyhdr)                You might also make \topmargin smaller to compensate:

(fancyhdr)                \addtolength{\topmargin}{-2.49998pt}.

[16 <./images/masked_convolution_pixel_cnn.png>])

Package fancyhdr Warning: \headheight is too small (12.0pt): 
(fancyhdr)                Make it at least 14.49998pt, for example:
(fancyhdr)                \setlength{\headheight}{14.49998pt}.
(fancyhdr)                You might also make \topmargin smaller to compensate:

(fancyhdr)                \addtolength{\topmargin}{-2.49998pt}.

[17] (sections/discrete_vae/vq_tree_model.tex
<images/abundance_tree_phylogenetic.png, id=100, 95.85812pt x 134.00063pt>
File: images/abundance_tree_phylogenetic.png Graphic file (type png)
<use images/abundance_tree_phylogenetic.png>
Package pdftex.def Info: images/abundance_tree_phylogenetic.png  used on input 
line 9.
(pdftex.def)             Requested size: 95.85788pt x 134.00027pt.
<images/tree_to_image.png, id=101, 310.66063pt x 137.51375pt>
File: images/tree_to_image.png Graphic file (type png)
<use images/tree_to_image.png>
Package pdftex.def Info: images/tree_to_image.png  used on input line 19.
(pdftex.def)             Requested size: 310.65987pt x 137.51341pt.


Package fancyhdr Warning: \headheight is too small (12.0pt): 
(fancyhdr)                Make it at least 14.49998pt, for example:
(fancyhdr)                \setlength{\headheight}{14.49998pt}.
(fancyhdr)                You might also make \topmargin smaller to compensate:

(fancyhdr)                \addtolength{\topmargin}{-2.49998pt}.

[18 <./images/abundance_tree_phylogenetic.png> <./images/tree_to_image.png>]
Overfull \hbox (7.71257pt too wide) in paragraph at lines 45--47
[]\T1/cmr/m/n/12 Taking in-spi-ra-tion from the Pix-el-CNN, our model should le
arn the dis-tri-bu-tion $\OML/cmm/m/it/12 p[]\OT1/cmr/m/n/12 (\OML/cmm/m/it/12 
X[]\OMS/cmsy/m/n/12 j\OML/cmm/m/it/12 Z[]; T[]\OT1/cmr/m/n/12 )$
 []


Underfull \hbox (badness 10000) in paragraph at lines 53--55

 []


sections/discrete_vae/vq_tree_model.tex:66: Package amsmath Error: Erroneous ne
sting of equation structures;
(amsmath)                trying to recover with `aligned'.

See the amsmath package documentation for explanation.
Type  H <return>  for immediate help.
 ...                                              
                                                  
l.66 \end{align}
                
Try typing  <return>  to proceed.
If that doesn't work, type  X <return>  to quit.


Underfull \hbox (badness 10000) in paragraph at lines 67--70

 []


Package fancyhdr Warning: \headheight is too small (12.0pt): 
(fancyhdr)                Make it at least 14.49998pt, for example:
(fancyhdr)                \setlength{\headheight}{14.49998pt}.
(fancyhdr)                You might also make \topmargin smaller to compensate:

(fancyhdr)                \addtolength{\topmargin}{-2.49998pt}.

[19]
sections/discrete_vae/vq_tree_model.tex:79: Undefined control sequence.
<recently read> \p 
                   
l.79 ...ed directly, we propose an estimate of $\p
                                                  _{\theta}(Z|X,T) = q_{\Phi...
The control sequence at the end of the top line
of your error message was never \def'ed. If you have
misspelled it (e.g., `\hobx'), type `I' and the correct
spelling (e.g., `I\hbox'). Otherwise just continue,
and I'll forget about whatever was undefined.


sections/discrete_vae/vq_tree_model.tex:90: Package amsmath Error: Erroneous ne
sting of equation structures;
(amsmath)                trying to recover with `aligned'.

See the amsmath package documentation for explanation.
Type  H <return>  for immediate help.
 ...                                              
                                                  
l.90 \end{align}
                
Try typing  <return>  to proceed.
If that doesn't work, type  X <return>  to quit.


sections/discrete_vae/vq_tree_model.tex:100: Package amsmath Error: Erroneous n
esting of equation structures;
(amsmath)                trying to recover with `aligned'.

See the amsmath package documentation for explanation.
Type  H <return>  for immediate help.
 ...                                              
                                                  
l.100 \end{align}
                 
Try typing  <return>  to proceed.
If that doesn't work, type  X <return>  to quit.

)

Package fancyhdr Warning: \headheight is too small (12.0pt): 
(fancyhdr)                Make it at least 14.49998pt, for example:
(fancyhdr)                \setlength{\headheight}{14.49998pt}.
(fancyhdr)                You might also make \topmargin smaller to compensate:

(fancyhdr)                \addtolength{\topmargin}{-2.49998pt}.

[20] (sections/general/bibpage.tex)
LaTeX Font Info:    Trying to load font information for T1+cmtt on input line 4
.

(C:\Users\frigi\AppData\Local\Programs\MiKTeX\tex/latex/base\t1cmtt.fd
File: t1cmtt.fd 2022/07/10 v2.5l Standard LaTeX font definitions
)

Package fancyhdr Warning: \headheight is too small (12.0pt): 
(fancyhdr)                Make it at least 14.49998pt, for example:
(fancyhdr)                \setlength{\headheight}{14.49998pt}.
(fancyhdr)                You might also make \topmargin smaller to compensate:

(fancyhdr)                \addtolength{\topmargin}{-2.49998pt}.

[21] (C:/Users\frigi\Desktop\Code\Stage-Microbiote\Reports\Notes\out\main.aux)
Package logreq Info: Writing requests to 'main.run.xml'.
\openout1 = `main.run.xml'.

 ) 
Here is how much of TeX's memory you used:
 19591 strings out of 476315
 397531 string characters out of 5787197
 1869068 words of memory out of 5000000
 39761 multiletter control sequences out of 15000+600000
 527143 words of font info for 68 fonts, out of 8000000 for 9000
 1141 hyphenation exceptions out of 8191
 69i,16n,79p,679b,1824s stack positions out of 10000i,1000n,20000p,200000b,200000s
 <C:\Users\frigi\AppData\Local\MiKTeX\fonts/pk/ljfour/jknappen/ec/dpi600\tcti
1200.pk> <C:\Users\frigi\AppData\Local\MiKTeX\fonts/pk/ljfour/jknappen/ec/dpi60
0\ectt1200.pk> <C:\Users\frigi\AppData\Local\MiKTeX\fonts/pk/ljfour/jknappen/ec
/dpi600\ecti1200.pk> <C:\Users\frigi\AppData\Local\MiKTeX\fonts/pk/ljfour/jknap
pen/ec/dpi600\tcrm1200.pk> <C:\Users\frigi\AppData\Local\MiKTeX\fonts/pk/ljfour
/jknappen/ec/dpi600\ecbx1440.pk> <C:\Users\frigi\AppData\Local\MiKTeX\fonts/pk/
ljfour/jknappen/ec/dpi600\ecrm1200.pk> <C:\Users\frigi\AppData\Local\MiKTeX\fon
ts/pk/ljfour/jknappen/ec/dpi600\ecbx1200.pk> <C:\Users\frigi\AppData\Local\MiKT
eX\fonts/pk/ljfour/jknappen/ec/dpi600\ecbx1728.pk> <C:\Users\frigi\AppData\Loca
l\MiKTeX\fonts/pk/ljfour/jknappen/ec/dpi600\ecrm1440.pk> <C:\Users\frigi\AppDat
a\Local\MiKTeX\fonts/pk/ljfour/jknappen/ec/dpi600\ecti1440.pk> <C:\Users\frigi\
AppData\Local\MiKTeX\fonts/pk/ljfour/jknappen/ec/dpi600\ecbx2488.pk> <C:\Users\
frigi\AppData\Local\MiKTeX\fonts/pk/ljfour/jknappen/ec/dpi600\eccc1440.pk> <C:\
Users\frigi\AppData\Local\MiKTeX\fonts/pk/ljfour/jknappen/ec/dpi600\eccc1200.pk
><C:/Users/frigi/AppData/Local/Programs/MiKTeX/fonts/type1/public/amsfonts/cm/c
mex10.pfb><C:/Users/frigi/AppData/Local/Programs/MiKTeX/fonts/type1/public/amsf
onts/cmextra/cmex7.pfb><C:/Users/frigi/AppData/Local/Programs/MiKTeX/fonts/type
1/public/amsfonts/cmextra/cmex8.pfb><C:/Users/frigi/AppData/Local/Programs/MiKT
eX/fonts/type1/public/amsfonts/cm/cmmi12.pfb><C:/Users/frigi/AppData/Local/Prog
rams/MiKTeX/fonts/type1/public/amsfonts/cm/cmmi6.pfb><C:/Users/frigi/AppData/Lo
cal/Programs/MiKTeX/fonts/type1/public/amsfonts/cm/cmmi8.pfb><C:/Users/frigi/Ap
pData/Local/Programs/MiKTeX/fonts/type1/public/amsfonts/cm/cmr12.pfb><C:/Users/
frigi/AppData/Local/Programs/MiKTeX/fonts/type1/public/amsfonts/cm/cmr6.pfb><C:
/Users/frigi/AppData/Local/Programs/MiKTeX/fonts/type1/public/amsfonts/cm/cmr8.
pfb><C:/Users/frigi/AppData/Local/Programs/MiKTeX/fonts/type1/public/amsfonts/c
m/cmsy10.pfb><C:/Users/frigi/AppData/Local/Programs/MiKTeX/fonts/type1/public/a
msfonts/cm/cmsy6.pfb><C:/Users/frigi/AppData/Local/Programs/MiKTeX/fonts/type1/
public/amsfonts/cm/cmsy8.pfb><C:/Users/frigi/AppData/Local/Programs/MiKTeX/font
s/type1/public/doublestroke/dsrom12.pfb><C:/Users/frigi/AppData/Local/Programs/
MiKTeX/fonts/type1/public/amsfonts/symbols/msbm10.pfb>
Output written on C:/Users\frigi\Desktop\Code\Stage-Microbiote\Reports\Notes\ou
t\main.pdf (22 pages, 1458978 bytes).
PDF statistics:
 567 PDF objects out of 1000 (max. 8388607)
 0 named destinations out of 1000 (max. 500000)
 51 words of extra memory for PDF output out of 10000 (max. 10000000)

